<?xml version="1.0" encoding="UTF-8"?>
<testng-results skipped="1" failed="0" ignored="0" total="1" passed="0">
  <reporter-output>
  </reporter-output>
  <suite name="Surefire suite" duration-ms="4934" started-at="2020-12-16T20:55:13 EST" finished-at="2020-12-16T20:55:18 EST">
    <groups>
      <group name="cucumber">
        <method signature="AbstractTestNGCucumberTests.runScenario(io.cucumber.testng.PickleWrapper, io.cucumber.testng.FeatureWrapper)[pri:0, instance:io.qameta.allure.examples.cucumber5.CucumberTest@5f282abb]" name="runScenario" class="io.cucumber.testng.AbstractTestNGCucumberTests"/>
      </group> <!-- cucumber -->
    </groups>
    <test name="Surefire test" duration-ms="4934" started-at="2020-12-16T20:55:13 EST" finished-at="2020-12-16T20:55:18 EST">
      <class name="io.qameta.allure.examples.cucumber5.CucumberTest">
        <test-method status="PASS" signature="setUpClass()[pri:0, instance:io.qameta.allure.examples.cucumber5.CucumberTest@5f282abb]" name="setUpClass" is-config="true" duration-ms="2834" started-at="2020-12-16T20:55:13 EST" finished-at="2020-12-16T20:55:16 EST">
          <reporter-output>
          </reporter-output>
        </test-method> <!-- setUpClass -->
        <test-method status="SKIP" signature="runScenario(io.cucumber.testng.PickleWrapper, io.cucumber.testng.FeatureWrapper)[pri:0, instance:io.qameta.allure.examples.cucumber5.CucumberTest@5f282abb]" name="runScenario" duration-ms="1843" started-at="2020-12-16T20:55:16 EST" description="Runs Cucumber Scenarios" data-provider="scenarios" finished-at="2020-12-16T20:55:18 EST">
          <params>
            <param index="0">
              <value>
                <![CDATA["This scenario will test user creation process on the application"]]>
              </value>
            </param>
            <param index="1">
              <value>
                <![CDATA["This feature is designed to validate the behaviour of regsitartion module"]]>
              </value>
            </param>
          </params>
          <exception class="io.cucumber.testng.UndefinedStepException">
            <message>
              <![CDATA[There were 5 undefined steps
The step "launch application in chrome browser" is undefined. You can implement it using the snippet(s) below:

@Given("launch application in chrome browser")
public void launch_application_in_chrome_browser() {
    // Write code here that turns the phrase above into concrete actions
    throw new io.cucumber.java.PendingException();
}

The step "verify home page is displayed" is undefined. You can implement it using the snippet(s) below:

@Then("verify home page is displayed")
public void verify_home_page_is_displayed() {
    // Write code here that turns the phrase above into concrete actions
    throw new io.cucumber.java.PendingException();
}

The step "click on new user link" is undefined. You can implement it using the snippet(s) below:

@Then("click on new user link")
public void click_on_new_user_link() {
    // Write code here that turns the phrase above into concrete actions
    throw new io.cucumber.java.PendingException();
}

The step "verify user is navigated to registration page" is undefined. You can implement it using the snippet(s) below:

@Then("verify user is navigated to registration page")
public void verify_user_is_navigated_to_registration_page() {
    // Write code here that turns the phrase above into concrete actions
    throw new io.cucumber.java.PendingException();
}

The step "fill the registration form" is undefined. You can implement it using the snippet(s) below:

@Then("fill the registration form")
public void fill_the_registration_form() {
    // Write code here that turns the phrase above into concrete actions
    throw new io.cucumber.java.PendingException();
}
]]>
            </message>
            <full-stacktrace>
              <![CDATA[io.cucumber.testng.UndefinedStepException: There were 5 undefined steps
The step "launch application in chrome browser" is undefined. You can implement it using the snippet(s) below:

@Given("launch application in chrome browser")
public void launch_application_in_chrome_browser() {
    // Write code here that turns the phrase above into concrete actions
    throw new io.cucumber.java.PendingException();
}

The step "verify home page is displayed" is undefined. You can implement it using the snippet(s) below:

@Then("verify home page is displayed")
public void verify_home_page_is_displayed() {
    // Write code here that turns the phrase above into concrete actions
    throw new io.cucumber.java.PendingException();
}

The step "click on new user link" is undefined. You can implement it using the snippet(s) below:

@Then("click on new user link")
public void click_on_new_user_link() {
    // Write code here that turns the phrase above into concrete actions
    throw new io.cucumber.java.PendingException();
}

The step "verify user is navigated to registration page" is undefined. You can implement it using the snippet(s) below:

@Then("verify user is navigated to registration page")
public void verify_user_is_navigated_to_registration_page() {
    // Write code here that turns the phrase above into concrete actions
    throw new io.cucumber.java.PendingException();
}

The step "fill the registration form" is undefined. You can implement it using the snippet(s) below:

@Then("fill the registration form")
public void fill_the_registration_form() {
    // Write code here that turns the phrase above into concrete actions
    throw new io.cucumber.java.PendingException();
}

at io.cucumber.testng.TestCaseResultObserver.lambda$assertTestCasePassed$2(TestCaseResultObserver.java:26)
at io.cucumber.core.runtime.TestCaseResultObserver.assertTestCasePassed(TestCaseResultObserver.java:110)
at io.cucumber.testng.TestCaseResultObserver.assertTestCasePassed(TestCaseResultObserver.java:21)
at io.cucumber.testng.TestNGCucumberRunner.runScenario(TestNGCucumberRunner.java:125)
at io.cucumber.testng.AbstractTestNGCucumberTests.runScenario(AbstractTestNGCucumberTests.java:29)
at sun.reflect.NativeMethodAccessorImpl.invoke0(Native Method)
at sun.reflect.NativeMethodAccessorImpl.invoke(NativeMethodAccessorImpl.java:62)
at sun.reflect.DelegatingMethodAccessorImpl.invoke(DelegatingMethodAccessorImpl.java:43)
at java.lang.reflect.Method.invoke(Method.java:498)
at org.testng.internal.MethodInvocationHelper.invokeMethod(MethodInvocationHelper.java:134)
at org.testng.internal.TestInvoker.invokeMethod(TestInvoker.java:597)
at org.testng.internal.TestInvoker.invokeTestMethod(TestInvoker.java:173)
at org.testng.internal.MethodRunner.runInSequence(MethodRunner.java:46)
at org.testng.internal.TestInvoker$MethodInvocationAgent.invoke(TestInvoker.java:816)
at org.testng.internal.TestInvoker.invokeTestMethods(TestInvoker.java:146)
at org.testng.internal.TestMethodWorker.invokeTestMethods(TestMethodWorker.java:146)
at org.testng.internal.TestMethodWorker.run(TestMethodWorker.java:128)
at java.util.ArrayList.forEach(ArrayList.java:1259)
at org.testng.TestRunner.privateRun(TestRunner.java:766)
at org.testng.TestRunner.run(TestRunner.java:587)
at org.testng.SuiteRunner.runTest(SuiteRunner.java:384)
at org.testng.SuiteRunner.runSequentially(SuiteRunner.java:378)
at org.testng.SuiteRunner.privateRun(SuiteRunner.java:337)
at org.testng.SuiteRunner.run(SuiteRunner.java:286)
at org.testng.SuiteRunnerWorker.runSuite(SuiteRunnerWorker.java:53)
at org.testng.SuiteRunnerWorker.run(SuiteRunnerWorker.java:96)
at org.testng.TestNG.runSuitesSequentially(TestNG.java:1187)
at org.testng.TestNG.runSuitesLocally(TestNG.java:1109)
at org.testng.TestNG.runSuites(TestNG.java:1039)
at org.testng.TestNG.run(TestNG.java:1007)
at org.apache.maven.surefire.testng.TestNGExecutor.run(TestNGExecutor.java:135)
at org.apache.maven.surefire.testng.TestNGDirectoryTestSuite.executeSingleClass(TestNGDirectoryTestSuite.java:112)
at org.apache.maven.surefire.testng.TestNGDirectoryTestSuite.execute(TestNGDirectoryTestSuite.java:99)
at org.apache.maven.surefire.testng.TestNGProvider.invoke(TestNGProvider.java:146)
at org.apache.maven.surefire.booter.ForkedBooter.invokeProviderInSameClassLoader(ForkedBooter.java:384)
at org.apache.maven.surefire.booter.ForkedBooter.runSuitesInProcess(ForkedBooter.java:345)
at org.apache.maven.surefire.booter.ForkedBooter.execute(ForkedBooter.java:126)
at org.apache.maven.surefire.booter.ForkedBooter.main(ForkedBooter.java:418)
]]>
            </full-stacktrace>
          </exception> <!-- io.cucumber.testng.UndefinedStepException -->
          <reporter-output>
          </reporter-output>
        </test-method> <!-- runScenario -->
        <test-method status="PASS" signature="tearDownClass()[pri:0, instance:io.qameta.allure.examples.cucumber5.CucumberTest@5f282abb]" name="tearDownClass" is-config="true" duration-ms="19" started-at="2020-12-16T20:55:18 EST" finished-at="2020-12-16T20:55:18 EST">
          <reporter-output>
          </reporter-output>
        </test-method> <!-- tearDownClass -->
      </class> <!-- io.qameta.allure.examples.cucumber5.CucumberTest -->
    </test> <!-- Surefire test -->
  </suite> <!-- Surefire suite -->
</testng-results>
