<?xml version="1.0" encoding="UTF-8"?>
<testng-results skipped="0" failed="0" ignored="0" total="1" passed="1">
  <reporter-output>
  </reporter-output>
  <suite name="Suite1" duration-ms="121535" started-at="2021-01-09T15:16:39 EST" finished-at="2021-01-09T15:18:40 EST">
    <groups>
      <group name="cucumber">
        <method signature="AbstractTestNGCucumberTests.runScenario(io.cucumber.testng.PickleWrapper, io.cucumber.testng.FeatureWrapper)[pri:0, instance:runner.CucumberRunnerClass@751d3241]" name="runScenario" class="io.cucumber.testng.AbstractTestNGCucumberTests"/>
      </group> <!-- cucumber -->
    </groups>
    <test name="Regression1" duration-ms="121535" started-at="2021-01-09T15:16:39 EST" finished-at="2021-01-09T15:18:40 EST">
      <class name="runner.CucumberRunnerClass">
        <test-method status="PASS" signature="setUpClass()[pri:0, instance:runner.CucumberRunnerClass@751d3241]" name="setUpClass" is-config="true" duration-ms="3125" started-at="2021-01-09T15:16:39 EST" finished-at="2021-01-09T15:16:42 EST">
          <reporter-output>
          </reporter-output>
        </test-method> <!-- setUpClass -->
        <test-method status="PASS" signature="runScenario(io.cucumber.testng.PickleWrapper, io.cucumber.testng.FeatureWrapper)[pri:0, instance:runner.CucumberRunnerClass@751d3241]" name="runScenario" duration-ms="117208" started-at="2021-01-09T15:16:42 EST" description="Runs Cucumber Scenarios" data-provider="scenarios" finished-at="2021-01-09T15:18:39 EST">
          <params>
            <param index="0">
              <value>
                <![CDATA["Create new with different data"]]>
              </value>
            </param>
            <param index="1">
              <value>
                <![CDATA["Create a new user"]]>
              </value>
            </param>
          </params>
          <reporter-output>
          </reporter-output>
        </test-method> <!-- runScenario -->
        <test-method status="PASS" signature="tearDownClass()[pri:0, instance:runner.CucumberRunnerClass@751d3241]" name="tearDownClass" is-config="true" duration-ms="469" started-at="2021-01-09T15:18:40 EST" finished-at="2021-01-09T15:18:40 EST">
          <reporter-output>
          </reporter-output>
        </test-method> <!-- tearDownClass -->
      </class> <!-- runner.CucumberRunnerClass -->
    </test> <!-- Regression1 -->
  </suite> <!-- Suite1 -->
</testng-results>
